Filebench Version 1.5-alpha3
0.000: Allocated 137MB of shared memory
0.079: FileMicro-Createfiles Version 2.2 personality successfully loaded
0.080: Populating and pre-allocating filesets
0.534: bigfileset populated: 20000 files, avg. dir. width = 0, avg. dir. depth = -0.0, 0 leafdirs, 19.531MB total size
0.534: Removing bigfileset tree (if exists)
0.546: Pre-allocating directories in bigfileset tree
15.319: Pre-allocating files in bigfileset tree
16.482: Waiting for pre-allocation to finish (in case of a parallel pre-allocation)
16.483: Population and pre-allocation of filesets completed
16.489: Starting 1 filecreate instances
17.514: Running...
36.533: Run took 19 seconds...
36.533: Per-Operation Breakdown
finish               20000ops     1052ops/s   0.0mb/s    0.004ms/op [0.001ms - 12.640ms]
closefile1           20000ops     1052ops/s   0.0mb/s    0.030ms/op [0.014ms - 16.186ms]
writefile1           20000ops     1052ops/s   1.0mb/s    0.249ms/op [0.088ms - 1123.125ms]
createfile1          20000ops     1052ops/s   0.0mb/s    0.565ms/op [0.201ms - 2265.734ms]
36.534: IO Summary: 60000 ops 3154.793 ops/s 0/1052 rd/wr   1.0mb/s 0.281ms/op
36.534: Shutting down processes
