Filebench Version 1.5-alpha3
0.000: Allocated 137MB of shared memory
0.018: FileMicro-Createfiles Version 2.2 personality successfully loaded
0.018: Populating and pre-allocating filesets
0.512: bigfileset populated: 20000 files, avg. dir. width = 0, avg. dir. depth = -0.0, 0 leafdirs, 19.531MB total size
0.512: Removing bigfileset tree (if exists)
0.524: Pre-allocating directories in bigfileset tree
676.697: Pre-allocating files in bigfileset tree
676.887: Waiting for pre-allocation to finish (in case of a parallel pre-allocation)
676.887: Population and pre-allocation of filesets completed
676.893: Starting 1 filecreate instances
677.918: Running...
737.929: Run took 60 seconds...
737.931: Per-Operation Breakdown
finish               6802ops      113ops/s   0.0mb/s    0.002ms/op [0.001ms - 0.359ms]
closefile1           6802ops      113ops/s   0.0mb/s    0.031ms/op [0.017ms - 0.974ms]
writefile1           6802ops      113ops/s   0.1mb/s    0.193ms/op [0.087ms - 25.109ms]
createfile1          6802ops      113ops/s   0.0mb/s    8.531ms/op [0.424ms - 145.287ms]
737.931: IO Summary: 20406 ops 340.032 ops/s 0/113 rd/wr   0.1mb/s 2.918ms/op
737.931: Shutting down processes
